<?xml version="1.0" encoding="UTF-8"?>
<testng-results ignored="0" total="1" passed="1" failed="0" skipped="0">
  <reporter-output>
  </reporter-output>
  <suite started-at="2022-04-11T02:16:56 EDT" name="Surefire suite" finished-at="2022-04-11T02:17:21 EDT" duration-ms="24266">
    <groups>
      <group name="cucumber">
        <method signature="AbstractTestNGCucumberTests.runScenario(io.cucumber.testng.PickleWrapper, io.cucumber.testng.FeatureWrapper)[pri:0, instance:TestRunner.TestRunner@54d9d12d]" name="runScenario" class="io.cucumber.testng.AbstractTestNGCucumberTests"/>
      </group> <!-- cucumber -->
    </groups>
    <test started-at="2022-04-11T02:16:56 EDT" name="Surefire test" finished-at="2022-04-11T02:17:21 EDT" duration-ms="24266">
      <class name="TestRunner.TestRunner">
        <test-method is-config="true" signature="setup()[pri:0, instance:TestRunner.TestRunner@54d9d12d]" started-at="2022-04-11T02:16:56 EDT" name="setup" finished-at="2022-04-11T02:17:06 EDT" duration-ms="9569" status="PASS">
          <reporter-output>
          </reporter-output>
        </test-method> <!-- setup -->
        <test-method is-config="true" signature="setUpClass(org.testng.ITestContext)[pri:0, instance:TestRunner.TestRunner@54d9d12d]" started-at="2022-04-11T02:17:06 EDT" name="setUpClass" finished-at="2022-04-11T02:17:07 EDT" duration-ms="763" status="PASS">
          <params>
            <param index="0">
              <value>
                <![CDATA[org.testng.TestRunner@446c3920]]>
              </value>
            </param>
          </params>
          <reporter-output>
          </reporter-output>
        </test-method> <!-- setUpClass -->
        <test-method signature="runScenario(io.cucumber.testng.PickleWrapper, io.cucumber.testng.FeatureWrapper)[pri:0, instance:TestRunner.TestRunner@54d9d12d]" started-at="2022-04-11T02:17:07 EDT" name="runScenario" description="Runs Cucumber Scenarios" data-provider="scenarios" finished-at="2022-04-11T02:17:18 EDT" duration-ms="11703" status="PASS">
          <params>
            <param index="0">
              <value>
                <![CDATA["Verify user add item in cart"]]>
              </value>
            </param>
            <param index="1">
              <value>
                <![CDATA["Optional[login functionality]"]]>
              </value>
            </param>
          </params>
          <reporter-output>
          </reporter-output>
        </test-method> <!-- runScenario -->
        <test-method is-config="true" signature="tearDownClass()[pri:0, instance:TestRunner.TestRunner@54d9d12d]" started-at="2022-04-11T02:17:18 EDT" name="tearDownClass" finished-at="2022-04-11T02:17:19 EDT" duration-ms="827" status="PASS">
          <reporter-output>
          </reporter-output>
        </test-method> <!-- tearDownClass -->
        <test-method is-config="true" signature="closeApplication()[pri:0, instance:TestRunner.TestRunner@54d9d12d]" started-at="2022-04-11T02:17:19 EDT" name="closeApplication" finished-at="2022-04-11T02:17:21 EDT" duration-ms="1301" status="PASS">
          <reporter-output>
          </reporter-output>
        </test-method> <!-- closeApplication -->
      </class> <!-- TestRunner.TestRunner -->
    </test> <!-- Surefire test -->
  </suite> <!-- Surefire suite -->
</testng-results>
