<?xml version="1.0" encoding="UTF-8"?>
<testng-results ignored="0" total="1" passed="1" failed="0" skipped="0">
  <reporter-output>
  </reporter-output>
  <suite started-at="2022-04-16T06:19:48 EDT" name="Default suite" finished-at="2022-04-16T06:20:09 EDT" duration-ms="21439">
    <groups>
      <group name="cucumber">
        <method signature="AbstractTestNGCucumberTests.runScenario(io.cucumber.testng.PickleWrapper, io.cucumber.testng.FeatureWrapper)[pri:0, instance:TestRunner.TestRunner@272ed83b]" name="runScenario" class="io.cucumber.testng.AbstractTestNGCucumberTests"/>
      </group> <!-- cucumber -->
    </groups>
    <test started-at="2022-04-16T06:19:48 EDT" name="Default test" finished-at="2022-04-16T06:20:09 EDT" duration-ms="21439">
      <class name="TestRunner.TestRunner">
        <test-method is-config="true" signature="setup()[pri:0, instance:TestRunner.TestRunner@272ed83b]" started-at="2022-04-16T06:19:48 EDT" name="setup" finished-at="2022-04-16T06:19:55 EDT" duration-ms="6901" status="PASS">
          <reporter-output>
          </reporter-output>
        </test-method> <!-- setup -->
        <test-method is-config="true" signature="setUpClass(org.testng.ITestContext)[pri:0, instance:TestRunner.TestRunner@272ed83b]" started-at="2022-04-16T06:19:55 EDT" name="setUpClass" finished-at="2022-04-16T06:19:55 EDT" duration-ms="221" status="PASS">
          <params>
            <param index="0">
              <value>
                <![CDATA[org.testng.TestRunner@77d680e6]]>
              </value>
            </param>
          </params>
          <reporter-output>
          </reporter-output>
        </test-method> <!-- setUpClass -->
        <test-method signature="runScenario(io.cucumber.testng.PickleWrapper, io.cucumber.testng.FeatureWrapper)[pri:0, instance:TestRunner.TestRunner@272ed83b]" started-at="2022-04-16T06:19:55 EDT" name="runScenario" description="Runs Cucumber Scenarios" data-provider="scenarios" finished-at="2022-04-16T06:20:07 EDT" duration-ms="12221" status="PASS">
          <params>
            <param index="0">
              <value>
                <![CDATA["Verify user add item in cart"]]>
              </value>
            </param>
            <param index="1">
              <value>
                <![CDATA["Optional[login functionality]"]]>
              </value>
            </param>
          </params>
          <reporter-output>
          </reporter-output>
        </test-method> <!-- runScenario -->
        <test-method is-config="true" signature="tearDownClass()[pri:0, instance:TestRunner.TestRunner@272ed83b]" started-at="2022-04-16T06:20:07 EDT" name="tearDownClass" finished-at="2022-04-16T06:20:08 EDT" duration-ms="390" status="PASS">
          <reporter-output>
          </reporter-output>
        </test-method> <!-- tearDownClass -->
        <test-method is-config="true" signature="closeApplication()[pri:0, instance:TestRunner.TestRunner@272ed83b]" started-at="2022-04-16T06:20:08 EDT" name="closeApplication" finished-at="2022-04-16T06:20:09 EDT" duration-ms="1660" status="PASS">
          <reporter-output>
          </reporter-output>
        </test-method> <!-- closeApplication -->
      </class> <!-- TestRunner.TestRunner -->
    </test> <!-- Default test -->
  </suite> <!-- Default suite -->
</testng-results>
